Compiling the C compiler identification source file "CMakeCCompilerId.c" failed.
Compiler: /Library/Developer/CommandLineTools/usr/bin/cc 
Build flags: 
Id flags:  

The output was:
1
ld: library not found for -lSystem
clang: error: linker command failed with exit code 1 (use -v to see invocation)


Compilation of the C compiler identification source "CMakeCCompilerId.c" did not produce an executable in "/Users/nozerose/Desktop/2023학년도 1학기 수업/CB3500572-063 C++프로그래밍과실습(Prof.김태연)/실습 013 - Arithmetic Operations(+,-,*,:)/cmake-build-debug/CMakeFiles/3.24.2/CompilerIdC".

Compiling the C compiler identification source file "CMakeCCompilerId.c" failed.
Compiler: /Library/Developer/CommandLineTools/usr/bin/cc 
Build flags: 
Id flags: -Aa 

The output was:
1
clang: warning: argument unused during compilation: '-Aa' [-Wunused-command-line-argument]
ld: library not found for -lSystem
clang: error: linker command failed with exit code 1 (use -v to see invocation)


Compiling the C compiler identification source file "CMakeCCompilerId.c" failed.
Compiler: /Library/Developer/CommandLineTools/usr/bin/cc 
Build flags: 
Id flags: -D__CLASSIC_C__ 

The output was:
1
ld: library not found for -lSystem
clang: error: linker command failed with exit code 1 (use -v to see invocation)


Compiling the C compiler identification source file "CMakeCCompilerId.c" failed.
Compiler: /Library/Developer/CommandLineTools/usr/bin/cc 
Build flags: 
Id flags: --target=arm-arm-none-eabi;-mcpu=cortex-m3 

The output was:
1
clang: error: unable to execute command: Executable "ld.lld" doesn't exist!
clang: error: ld.lld command failed with exit code 1 (use -v to see invocation)


Compilation of the C compiler identification source "CMakeCCompilerId.c" did not produce an executable in "/Users/nozerose/Desktop/2023학년도 1학기 수업/CB3500572-063 C++프로그래밍과실습(Prof.김태연)/실습 013 - Arithmetic Operations(+,-,*,:)/cmake-build-debug/CMakeFiles/3.24.2/CompilerIdC".

Compiling the C compiler identification source file "CMakeCCompilerId.c" failed.
Compiler: /Library/Developer/CommandLineTools/usr/bin/cc 
Build flags: 
Id flags:  

The output was:
1
ld: library not found for -lSystem
clang: error: linker command failed with exit code 1 (use -v to see invocation)


Compilation of the C compiler identification source "CMakeCCompilerId.c" did not produce an executable in "/Users/nozerose/Desktop/2023학년도 1학기 수업/CB3500572-063 C++프로그래밍과실습(Prof.김태연)/실습 013 - Arithmetic Operations(+,-,*,:)/cmake-build-debug/CMakeFiles/3.24.2/CompilerIdC".

Compiling the C compiler identification source file "CMakeCCompilerId.c" failed.
Compiler: /Library/Developer/CommandLineTools/usr/bin/cc 
Build flags: 
Id flags: -Aa 

The output was:
1
clang: warning: argument unused during compilation: '-Aa' [-Wunused-command-line-argument]
ld: library not found for -lSystem
clang: error: linker command failed with exit code 1 (use -v to see invocation)


Compiling the C compiler identification source file "CMakeCCompilerId.c" failed.
Compiler: /Library/Developer/CommandLineTools/usr/bin/cc 
Build flags: 
Id flags: -D__CLASSIC_C__ 

The output was:
1
ld: library not found for -lSystem
clang: error: linker command failed with exit code 1 (use -v to see invocation)


Compiling the C compiler identification source file "CMakeCCompilerId.c" failed.
Compiler: /Library/Developer/CommandLineTools/usr/bin/cc 
Build flags: 
Id flags: --target=arm-arm-none-eabi;-mcpu=cortex-m3 

The output was:
1
clang: error: unable to execute command: Executable "ld.lld" doesn't exist!
clang: error: ld.lld command failed with exit code 1 (use -v to see invocation)


Compilation of the C compiler identification source "CMakeCCompilerId.c" did not produce an executable in "/Users/nozerose/Desktop/2023학년도 1학기 수업/CB3500572-063 C++프로그래밍과실습(Prof.김태연)/실습 013 - Arithmetic Operations(+,-,*,:)/cmake-build-debug/CMakeFiles/3.24.2/CompilerIdC".

Checking whether the C compiler is IAR using "" did not match "IAR .+ Compiler":
clang: error: no input files
Checking whether the C compiler is IAR using "" did not match "IAR .+ Compiler":
clang: error: no input files
Compiling the CXX compiler identification source file "CMakeCXXCompilerId.cpp" failed.
Compiler: /Library/Developer/CommandLineTools/usr/bin/c++ 
Build flags: 
Id flags:  

The output was:
1
ld: library not found for -lc++
clang: error: linker command failed with exit code 1 (use -v to see invocation)


Compilation of the CXX compiler identification source "CMakeCXXCompilerId.cpp" did not produce an executable in "/Users/nozerose/Desktop/2023학년도 1학기 수업/CB3500572-063 C++프로그래밍과실습(Prof.김태연)/실습 013 - Arithmetic Operations(+,-,*,:)/cmake-build-debug/CMakeFiles/3.24.2/CompilerIdCXX".

Compiling the CXX compiler identification source file "CMakeCXXCompilerId.cpp" failed.
Compiler: /Library/Developer/CommandLineTools/usr/bin/c++ 
Build flags: 
Id flags: --c++ 

The output was:
1
clang: error: unsupported option '--c++'


Compiling the CXX compiler identification source file "CMakeCXXCompilerId.cpp" failed.
Compiler: /Library/Developer/CommandLineTools/usr/bin/c++ 
Build flags: 
Id flags: --ec++ 

The output was:
1
clang: error: unsupported option '--ec++'


Compiling the CXX compiler identification source file "CMakeCXXCompilerId.cpp" failed.
Compiler: /Library/Developer/CommandLineTools/usr/bin/c++ 
Build flags: 
Id flags: --target=arm-arm-none-eabi;-mcpu=cortex-m3 

The output was:
1
clang: error: unable to execute command: Executable "ld.lld" doesn't exist!
clang: error: ld.lld command failed with exit code 1 (use -v to see invocation)


Compilation of the CXX compiler identification source "CMakeCXXCompilerId.cpp" did not produce an executable in "/Users/nozerose/Desktop/2023학년도 1학기 수업/CB3500572-063 C++프로그래밍과실습(Prof.김태연)/실습 013 - Arithmetic Operations(+,-,*,:)/cmake-build-debug/CMakeFiles/3.24.2/CompilerIdCXX".

Compiling the CXX compiler identification source file "CMakeCXXCompilerId.cpp" failed.
Compiler: /Library/Developer/CommandLineTools/usr/bin/c++ 
Build flags: 
Id flags:  

The output was:
1
ld: library not found for -lc++
clang: error: linker command failed with exit code 1 (use -v to see invocation)


Compilation of the CXX compiler identification source "CMakeCXXCompilerId.cpp" did not produce an executable in "/Users/nozerose/Desktop/2023학년도 1학기 수업/CB3500572-063 C++프로그래밍과실습(Prof.김태연)/실습 013 - Arithmetic Operations(+,-,*,:)/cmake-build-debug/CMakeFiles/3.24.2/CompilerIdCXX".

Compiling the CXX compiler identification source file "CMakeCXXCompilerId.cpp" failed.
Compiler: /Library/Developer/CommandLineTools/usr/bin/c++ 
Build flags: 
Id flags: --c++ 

The output was:
1
clang: error: unsupported option '--c++'


Compiling the CXX compiler identification source file "CMakeCXXCompilerId.cpp" failed.
Compiler: /Library/Developer/CommandLineTools/usr/bin/c++ 
Build flags: 
Id flags: --ec++ 

The output was:
1
clang: error: unsupported option '--ec++'


Compiling the CXX compiler identification source file "CMakeCXXCompilerId.cpp" failed.
Compiler: /Library/Developer/CommandLineTools/usr/bin/c++ 
Build flags: 
Id flags: --target=arm-arm-none-eabi;-mcpu=cortex-m3 

The output was:
1
clang: error: unable to execute command: Executable "ld.lld" doesn't exist!
clang: error: ld.lld command failed with exit code 1 (use -v to see invocation)


Compilation of the CXX compiler identification source "CMakeCXXCompilerId.cpp" did not produce an executable in "/Users/nozerose/Desktop/2023학년도 1학기 수업/CB3500572-063 C++프로그래밍과실습(Prof.김태연)/실습 013 - Arithmetic Operations(+,-,*,:)/cmake-build-debug/CMakeFiles/3.24.2/CompilerIdCXX".

Checking whether the CXX compiler is IAR using "" did not match "IAR .+ Compiler":
clang: error: no input files
Checking whether the CXX compiler is IAR using "" did not match "IAR .+ Compiler":
clang: error: no input files
Detecting C compiler ABI info failed to compile with the following output:
Change Dir: /Users/nozerose/Desktop/2023학년도 1학기 수업/CB3500572-063 C++프로그래밍과실습(Prof.김태연)/실습 013 - Arithmetic Operations(+,-,*,:)/cmake-build-debug/CMakeFiles/CMakeTmp

Run Build Command(s):/Applications/CLion.app/Contents/bin/ninja/mac/ninja cmTC_4586c && [1/2] Building C object CMakeFiles/cmTC_4586c.dir/CMakeCCompilerABI.c.o
[2/2] Linking C executable cmTC_4586c
FAILED: cmTC_4586c 
: && /Library/Developer/CommandLineTools/usr/bin/cc -arch arm64 -Wl,-search_paths_first -Wl,-headerpad_max_install_names  CMakeFiles/cmTC_4586c.dir/CMakeCCompilerABI.c.o -o cmTC_4586c   && :
ld: library not found for -lSystem
clang: error: linker command failed with exit code 1 (use -v to see invocation)
ninja: build stopped: subcommand failed.




Determining if the C compiler works failed with the following output:
Change Dir: /Users/nozerose/Desktop/2023학년도 1학기 수업/CB3500572-063 C++프로그래밍과실습(Prof.김태연)/실습 013 - Arithmetic Operations(+,-,*,:)/cmake-build-debug/CMakeFiles/CMakeTmp

Run Build Command(s):/Applications/CLion.app/Contents/bin/ninja/mac/ninja cmTC_62605 && [1/2] Building C object CMakeFiles/cmTC_62605.dir/testCCompiler.c.o
[2/2] Linking C executable cmTC_62605
FAILED: cmTC_62605 
: && /Library/Developer/CommandLineTools/usr/bin/cc -arch arm64 -Wl,-search_paths_first -Wl,-headerpad_max_install_names  CMakeFiles/cmTC_62605.dir/testCCompiler.c.o -o cmTC_62605   && :
ld: library not found for -lSystem
clang: error: linker command failed with exit code 1 (use -v to see invocation)
ninja: build stopped: subcommand failed.



Compiling the C compiler identification source file "CMakeCCompilerId.c" failed.
Compiler: /Library/Developer/CommandLineTools/usr/bin/cc 
Build flags: 
Id flags:  

The output was:
1
ld: library not found for -lSystem
clang: error: linker command failed with exit code 1 (use -v to see invocation)


Compilation of the C compiler identification source "CMakeCCompilerId.c" did not produce an executable in "/Users/nozerose/Desktop/2023학년도 1학기 수업/CB3500572-063 C++프로그래밍과실습(Prof.김태연)/실습 013 - Arithmetic Operations(+,-,*,:)/cmake-build-debug/CMakeFiles/3.24.2/CompilerIdC".

Compiling the C compiler identification source file "CMakeCCompilerId.c" failed.
Compiler: /Library/Developer/CommandLineTools/usr/bin/cc 
Build flags: 
Id flags: -Aa 

The output was:
1
clang: warning: argument unused during compilation: '-Aa' [-Wunused-command-line-argument]
ld: library not found for -lSystem
clang: error: linker command failed with exit code 1 (use -v to see invocation)


Compiling the C compiler identification source file "CMakeCCompilerId.c" failed.
Compiler: /Library/Developer/CommandLineTools/usr/bin/cc 
Build flags: 
Id flags: -D__CLASSIC_C__ 

The output was:
1
ld: library not found for -lSystem
clang: error: linker command failed with exit code 1 (use -v to see invocation)


Compiling the C compiler identification source file "CMakeCCompilerId.c" failed.
Compiler: /Library/Developer/CommandLineTools/usr/bin/cc 
Build flags: 
Id flags: --target=arm-arm-none-eabi;-mcpu=cortex-m3 

The output was:
1
clang: error: unable to execute command: Executable "ld.lld" doesn't exist!
clang: error: ld.lld command failed with exit code 1 (use -v to see invocation)


Compilation of the C compiler identification source "CMakeCCompilerId.c" did not produce an executable in "/Users/nozerose/Desktop/2023학년도 1학기 수업/CB3500572-063 C++프로그래밍과실습(Prof.김태연)/실습 013 - Arithmetic Operations(+,-,*,:)/cmake-build-debug/CMakeFiles/3.24.2/CompilerIdC".

Compiling the C compiler identification source file "CMakeCCompilerId.c" failed.
Compiler: /Library/Developer/CommandLineTools/usr/bin/cc 
Build flags: 
Id flags:  

The output was:
1
ld: library not found for -lSystem
clang: error: linker command failed with exit code 1 (use -v to see invocation)


Compilation of the C compiler identification source "CMakeCCompilerId.c" did not produce an executable in "/Users/nozerose/Desktop/2023학년도 1학기 수업/CB3500572-063 C++프로그래밍과실습(Prof.김태연)/실습 013 - Arithmetic Operations(+,-,*,:)/cmake-build-debug/CMakeFiles/3.24.2/CompilerIdC".

Compiling the C compiler identification source file "CMakeCCompilerId.c" failed.
Compiler: /Library/Developer/CommandLineTools/usr/bin/cc 
Build flags: 
Id flags: -Aa 

The output was:
1
clang: warning: argument unused during compilation: '-Aa' [-Wunused-command-line-argument]
ld: library not found for -lSystem
clang: error: linker command failed with exit code 1 (use -v to see invocation)


Compiling the C compiler identification source file "CMakeCCompilerId.c" failed.
Compiler: /Library/Developer/CommandLineTools/usr/bin/cc 
Build flags: 
Id flags: -D__CLASSIC_C__ 

The output was:
1
ld: library not found for -lSystem
clang: error: linker command failed with exit code 1 (use -v to see invocation)


Compiling the C compiler identification source file "CMakeCCompilerId.c" failed.
Compiler: /Library/Developer/CommandLineTools/usr/bin/cc 
Build flags: 
Id flags: --target=arm-arm-none-eabi;-mcpu=cortex-m3 

The output was:
1
clang: error: unable to execute command: Executable "ld.lld" doesn't exist!
clang: error: ld.lld command failed with exit code 1 (use -v to see invocation)


Compilation of the C compiler identification source "CMakeCCompilerId.c" did not produce an executable in "/Users/nozerose/Desktop/2023학년도 1학기 수업/CB3500572-063 C++프로그래밍과실습(Prof.김태연)/실습 013 - Arithmetic Operations(+,-,*,:)/cmake-build-debug/CMakeFiles/3.24.2/CompilerIdC".

Checking whether the C compiler is IAR using "" did not match "IAR .+ Compiler":
clang: error: no input files
Checking whether the C compiler is IAR using "" did not match "IAR .+ Compiler":
clang: error: no input files
Compiling the CXX compiler identification source file "CMakeCXXCompilerId.cpp" failed.
Compiler: /Library/Developer/CommandLineTools/usr/bin/c++ 
Build flags: 
Id flags:  

The output was:
1
ld: library not found for -lc++
clang: error: linker command failed with exit code 1 (use -v to see invocation)


Compilation of the CXX compiler identification source "CMakeCXXCompilerId.cpp" did not produce an executable in "/Users/nozerose/Desktop/2023학년도 1학기 수업/CB3500572-063 C++프로그래밍과실습(Prof.김태연)/실습 013 - Arithmetic Operations(+,-,*,:)/cmake-build-debug/CMakeFiles/3.24.2/CompilerIdCXX".

Compiling the CXX compiler identification source file "CMakeCXXCompilerId.cpp" failed.
Compiler: /Library/Developer/CommandLineTools/usr/bin/c++ 
Build flags: 
Id flags: --c++ 

The output was:
1
clang: error: unsupported option '--c++'


Compiling the CXX compiler identification source file "CMakeCXXCompilerId.cpp" failed.
Compiler: /Library/Developer/CommandLineTools/usr/bin/c++ 
Build flags: 
Id flags: --ec++ 

The output was:
1
clang: error: unsupported option '--ec++'


Compiling the CXX compiler identification source file "CMakeCXXCompilerId.cpp" failed.
Compiler: /Library/Developer/CommandLineTools/usr/bin/c++ 
Build flags: 
Id flags: --target=arm-arm-none-eabi;-mcpu=cortex-m3 

The output was:
1
clang: error: unable to execute command: Executable "ld.lld" doesn't exist!
clang: error: ld.lld command failed with exit code 1 (use -v to see invocation)


Compilation of the CXX compiler identification source "CMakeCXXCompilerId.cpp" did not produce an executable in "/Users/nozerose/Desktop/2023학년도 1학기 수업/CB3500572-063 C++프로그래밍과실습(Prof.김태연)/실습 013 - Arithmetic Operations(+,-,*,:)/cmake-build-debug/CMakeFiles/3.24.2/CompilerIdCXX".

Compiling the CXX compiler identification source file "CMakeCXXCompilerId.cpp" failed.
Compiler: /Library/Developer/CommandLineTools/usr/bin/c++ 
Build flags: 
Id flags:  

The output was:
1
ld: library not found for -lc++
clang: error: linker command failed with exit code 1 (use -v to see invocation)


Compilation of the CXX compiler identification source "CMakeCXXCompilerId.cpp" did not produce an executable in "/Users/nozerose/Desktop/2023학년도 1학기 수업/CB3500572-063 C++프로그래밍과실습(Prof.김태연)/실습 013 - Arithmetic Operations(+,-,*,:)/cmake-build-debug/CMakeFiles/3.24.2/CompilerIdCXX".

Compiling the CXX compiler identification source file "CMakeCXXCompilerId.cpp" failed.
Compiler: /Library/Developer/CommandLineTools/usr/bin/c++ 
Build flags: 
Id flags: --c++ 

The output was:
1
clang: error: unsupported option '--c++'


Compiling the CXX compiler identification source file "CMakeCXXCompilerId.cpp" failed.
Compiler: /Library/Developer/CommandLineTools/usr/bin/c++ 
Build flags: 
Id flags: --ec++ 

The output was:
1
clang: error: unsupported option '--ec++'


Compiling the CXX compiler identification source file "CMakeCXXCompilerId.cpp" failed.
Compiler: /Library/Developer/CommandLineTools/usr/bin/c++ 
Build flags: 
Id flags: --target=arm-arm-none-eabi;-mcpu=cortex-m3 

The output was:
1
clang: error: unable to execute command: Executable "ld.lld" doesn't exist!
clang: error: ld.lld command failed with exit code 1 (use -v to see invocation)


Compilation of the CXX compiler identification source "CMakeCXXCompilerId.cpp" did not produce an executable in "/Users/nozerose/Desktop/2023학년도 1학기 수업/CB3500572-063 C++프로그래밍과실습(Prof.김태연)/실습 013 - Arithmetic Operations(+,-,*,:)/cmake-build-debug/CMakeFiles/3.24.2/CompilerIdCXX".

Checking whether the CXX compiler is IAR using "" did not match "IAR .+ Compiler":
clang: error: no input files
Checking whether the CXX compiler is IAR using "" did not match "IAR .+ Compiler":
clang: error: no input files
Detecting C compiler ABI info failed to compile with the following output:
Change Dir: /Users/nozerose/Desktop/2023학년도 1학기 수업/CB3500572-063 C++프로그래밍과실습(Prof.김태연)/실습 013 - Arithmetic Operations(+,-,*,:)/cmake-build-debug/CMakeFiles/CMakeTmp

Run Build Command(s):/Applications/CLion.app/Contents/bin/ninja/mac/ninja cmTC_6b1b2 && [1/2] Building C object CMakeFiles/cmTC_6b1b2.dir/CMakeCCompilerABI.c.o
[2/2] Linking C executable cmTC_6b1b2
FAILED: cmTC_6b1b2 
: && /Library/Developer/CommandLineTools/usr/bin/cc -arch arm64 -Wl,-search_paths_first -Wl,-headerpad_max_install_names  CMakeFiles/cmTC_6b1b2.dir/CMakeCCompilerABI.c.o -o cmTC_6b1b2   && :
ld: library not found for -lSystem
clang: error: linker command failed with exit code 1 (use -v to see invocation)
ninja: build stopped: subcommand failed.




Determining if the C compiler works failed with the following output:
Change Dir: /Users/nozerose/Desktop/2023학년도 1학기 수업/CB3500572-063 C++프로그래밍과실습(Prof.김태연)/실습 013 - Arithmetic Operations(+,-,*,:)/cmake-build-debug/CMakeFiles/CMakeTmp

Run Build Command(s):/Applications/CLion.app/Contents/bin/ninja/mac/ninja cmTC_d19a1 && [1/2] Building C object CMakeFiles/cmTC_d19a1.dir/testCCompiler.c.o
[2/2] Linking C executable cmTC_d19a1
FAILED: cmTC_d19a1 
: && /Library/Developer/CommandLineTools/usr/bin/cc -arch arm64 -Wl,-search_paths_first -Wl,-headerpad_max_install_names  CMakeFiles/cmTC_d19a1.dir/testCCompiler.c.o -o cmTC_d19a1   && :
ld: library not found for -lSystem
clang: error: linker command failed with exit code 1 (use -v to see invocation)
ninja: build stopped: subcommand failed.



Compiling the C compiler identification source file "CMakeCCompilerId.c" failed.
Compiler: /Library/Developer/CommandLineTools/usr/bin/cc 
Build flags: 
Id flags:  

The output was:
1
ld: library not found for -lSystem
clang: error: linker command failed with exit code 1 (use -v to see invocation)


Compilation of the C compiler identification source "CMakeCCompilerId.c" did not produce an executable in "/Users/nozerose/Desktop/2023학년도 1학기 수업/CB3500572-063 C++프로그래밍과실습(Prof.김태연)/실습 013 - Arithmetic Operations(+,-,*,:)/cmake-build-debug/CMakeFiles/3.24.2/CompilerIdC".

Compiling the C compiler identification source file "CMakeCCompilerId.c" failed.
Compiler: /Library/Developer/CommandLineTools/usr/bin/cc 
Build flags: 
Id flags: -Aa 

The output was:
1
clang: warning: argument unused during compilation: '-Aa' [-Wunused-command-line-argument]
ld: library not found for -lSystem
clang: error: linker command failed with exit code 1 (use -v to see invocation)


Compiling the C compiler identification source file "CMakeCCompilerId.c" failed.
Compiler: /Library/Developer/CommandLineTools/usr/bin/cc 
Build flags: 
Id flags: -D__CLASSIC_C__ 

The output was:
1
ld: library not found for -lSystem
clang: error: linker command failed with exit code 1 (use -v to see invocation)


Compiling the C compiler identification source file "CMakeCCompilerId.c" failed.
Compiler: /Library/Developer/CommandLineTools/usr/bin/cc 
Build flags: 
Id flags: --target=arm-arm-none-eabi;-mcpu=cortex-m3 

The output was:
1
clang: error: unable to execute command: Executable "ld.lld" doesn't exist!
clang: error: ld.lld command failed with exit code 1 (use -v to see invocation)


Compilation of the C compiler identification source "CMakeCCompilerId.c" did not produce an executable in "/Users/nozerose/Desktop/2023학년도 1학기 수업/CB3500572-063 C++프로그래밍과실습(Prof.김태연)/실습 013 - Arithmetic Operations(+,-,*,:)/cmake-build-debug/CMakeFiles/3.24.2/CompilerIdC".

Compiling the C compiler identification source file "CMakeCCompilerId.c" failed.
Compiler: /Library/Developer/CommandLineTools/usr/bin/cc 
Build flags: 
Id flags:  

The output was:
1
ld: library not found for -lSystem
clang: error: linker command failed with exit code 1 (use -v to see invocation)


Compilation of the C compiler identification source "CMakeCCompilerId.c" did not produce an executable in "/Users/nozerose/Desktop/2023학년도 1학기 수업/CB3500572-063 C++프로그래밍과실습(Prof.김태연)/실습 013 - Arithmetic Operations(+,-,*,:)/cmake-build-debug/CMakeFiles/3.24.2/CompilerIdC".

Compiling the C compiler identification source file "CMakeCCompilerId.c" failed.
Compiler: /Library/Developer/CommandLineTools/usr/bin/cc 
Build flags: 
Id flags: -Aa 

The output was:
1
clang: warning: argument unused during compilation: '-Aa' [-Wunused-command-line-argument]
ld: library not found for -lSystem
clang: error: linker command failed with exit code 1 (use -v to see invocation)


Compiling the C compiler identification source file "CMakeCCompilerId.c" failed.
Compiler: /Library/Developer/CommandLineTools/usr/bin/cc 
Build flags: 
Id flags: -D__CLASSIC_C__ 

The output was:
1
ld: library not found for -lSystem
clang: error: linker command failed with exit code 1 (use -v to see invocation)


Compiling the C compiler identification source file "CMakeCCompilerId.c" failed.
Compiler: /Library/Developer/CommandLineTools/usr/bin/cc 
Build flags: 
Id flags: --target=arm-arm-none-eabi;-mcpu=cortex-m3 

The output was:
1
clang: error: unable to execute command: Executable "ld.lld" doesn't exist!
clang: error: ld.lld command failed with exit code 1 (use -v to see invocation)


Compilation of the C compiler identification source "CMakeCCompilerId.c" did not produce an executable in "/Users/nozerose/Desktop/2023학년도 1학기 수업/CB3500572-063 C++프로그래밍과실습(Prof.김태연)/실습 013 - Arithmetic Operations(+,-,*,:)/cmake-build-debug/CMakeFiles/3.24.2/CompilerIdC".

Checking whether the C compiler is IAR using "" did not match "IAR .+ Compiler":
clang: error: no input files
Checking whether the C compiler is IAR using "" did not match "IAR .+ Compiler":
clang: error: no input files
Compiling the CXX compiler identification source file "CMakeCXXCompilerId.cpp" failed.
Compiler: /Library/Developer/CommandLineTools/usr/bin/c++ 
Build flags: 
Id flags:  

The output was:
1
ld: library not found for -lc++
clang: error: linker command failed with exit code 1 (use -v to see invocation)


Compilation of the CXX compiler identification source "CMakeCXXCompilerId.cpp" did not produce an executable in "/Users/nozerose/Desktop/2023학년도 1학기 수업/CB3500572-063 C++프로그래밍과실습(Prof.김태연)/실습 013 - Arithmetic Operations(+,-,*,:)/cmake-build-debug/CMakeFiles/3.24.2/CompilerIdCXX".

Compiling the CXX compiler identification source file "CMakeCXXCompilerId.cpp" failed.
Compiler: /Library/Developer/CommandLineTools/usr/bin/c++ 
Build flags: 
Id flags: --c++ 

The output was:
1
clang: error: unsupported option '--c++'


Compiling the CXX compiler identification source file "CMakeCXXCompilerId.cpp" failed.
Compiler: /Library/Developer/CommandLineTools/usr/bin/c++ 
Build flags: 
Id flags: --ec++ 

The output was:
1
clang: error: unsupported option '--ec++'


Compiling the CXX compiler identification source file "CMakeCXXCompilerId.cpp" failed.
Compiler: /Library/Developer/CommandLineTools/usr/bin/c++ 
Build flags: 
Id flags: --target=arm-arm-none-eabi;-mcpu=cortex-m3 

The output was:
1
clang: error: unable to execute command: Executable "ld.lld" doesn't exist!
clang: error: ld.lld command failed with exit code 1 (use -v to see invocation)


Compilation of the CXX compiler identification source "CMakeCXXCompilerId.cpp" did not produce an executable in "/Users/nozerose/Desktop/2023학년도 1학기 수업/CB3500572-063 C++프로그래밍과실습(Prof.김태연)/실습 013 - Arithmetic Operations(+,-,*,:)/cmake-build-debug/CMakeFiles/3.24.2/CompilerIdCXX".

Compiling the CXX compiler identification source file "CMakeCXXCompilerId.cpp" failed.
Compiler: /Library/Developer/CommandLineTools/usr/bin/c++ 
Build flags: 
Id flags:  

The output was:
1
ld: library not found for -lc++
clang: error: linker command failed with exit code 1 (use -v to see invocation)


Compilation of the CXX compiler identification source "CMakeCXXCompilerId.cpp" did not produce an executable in "/Users/nozerose/Desktop/2023학년도 1학기 수업/CB3500572-063 C++프로그래밍과실습(Prof.김태연)/실습 013 - Arithmetic Operations(+,-,*,:)/cmake-build-debug/CMakeFiles/3.24.2/CompilerIdCXX".

Compiling the CXX compiler identification source file "CMakeCXXCompilerId.cpp" failed.
Compiler: /Library/Developer/CommandLineTools/usr/bin/c++ 
Build flags: 
Id flags: --c++ 

The output was:
1
clang: error: unsupported option '--c++'


Compiling the CXX compiler identification source file "CMakeCXXCompilerId.cpp" failed.
Compiler: /Library/Developer/CommandLineTools/usr/bin/c++ 
Build flags: 
Id flags: --ec++ 

The output was:
1
clang: error: unsupported option '--ec++'


Compiling the CXX compiler identification source file "CMakeCXXCompilerId.cpp" failed.
Compiler: /Library/Developer/CommandLineTools/usr/bin/c++ 
Build flags: 
Id flags: --target=arm-arm-none-eabi;-mcpu=cortex-m3 

The output was:
1
clang: error: unable to execute command: Executable "ld.lld" doesn't exist!
clang: error: ld.lld command failed with exit code 1 (use -v to see invocation)


Compilation of the CXX compiler identification source "CMakeCXXCompilerId.cpp" did not produce an executable in "/Users/nozerose/Desktop/2023학년도 1학기 수업/CB3500572-063 C++프로그래밍과실습(Prof.김태연)/실습 013 - Arithmetic Operations(+,-,*,:)/cmake-build-debug/CMakeFiles/3.24.2/CompilerIdCXX".

Checking whether the CXX compiler is IAR using "" did not match "IAR .+ Compiler":
clang: error: no input files
Checking whether the CXX compiler is IAR using "" did not match "IAR .+ Compiler":
clang: error: no input files
Detecting C compiler ABI info failed to compile with the following output:
Change Dir: /Users/nozerose/Desktop/2023학년도 1학기 수업/CB3500572-063 C++프로그래밍과실습(Prof.김태연)/실습 013 - Arithmetic Operations(+,-,*,:)/cmake-build-debug/CMakeFiles/CMakeTmp

Run Build Command(s):/Applications/CLion.app/Contents/bin/ninja/mac/ninja cmTC_ca86f && [1/2] Building C object CMakeFiles/cmTC_ca86f.dir/CMakeCCompilerABI.c.o
[2/2] Linking C executable cmTC_ca86f
FAILED: cmTC_ca86f 
: && /Library/Developer/CommandLineTools/usr/bin/cc -arch arm64 -Wl,-search_paths_first -Wl,-headerpad_max_install_names  CMakeFiles/cmTC_ca86f.dir/CMakeCCompilerABI.c.o -o cmTC_ca86f   && :
ld: library not found for -lSystem
clang: error: linker command failed with exit code 1 (use -v to see invocation)
ninja: build stopped: subcommand failed.




Determining if the C compiler works failed with the following output:
Change Dir: /Users/nozerose/Desktop/2023학년도 1학기 수업/CB3500572-063 C++프로그래밍과실습(Prof.김태연)/실습 013 - Arithmetic Operations(+,-,*,:)/cmake-build-debug/CMakeFiles/CMakeTmp

Run Build Command(s):/Applications/CLion.app/Contents/bin/ninja/mac/ninja cmTC_e5e91 && [1/2] Building C object CMakeFiles/cmTC_e5e91.dir/testCCompiler.c.o
[2/2] Linking C executable cmTC_e5e91
FAILED: cmTC_e5e91 
: && /Library/Developer/CommandLineTools/usr/bin/cc -arch arm64 -Wl,-search_paths_first -Wl,-headerpad_max_install_names  CMakeFiles/cmTC_e5e91.dir/testCCompiler.c.o -o cmTC_e5e91   && :
ld: library not found for -lSystem
clang: error: linker command failed with exit code 1 (use -v to see invocation)
ninja: build stopped: subcommand failed.



